Arguments: 
  C:\Program Files\nodejs\node.exe C:\Program Files (x86)\Yarn\bin\yarn.js add express-async-handler

PATH: 
  C:\tools\ruby31\bin;C:\Program Files\Common Files\Oracle\Java\javapath;C:\Users\morningstar\AppData\Local\Programs\Python\Python310\Scripts\;C:\Users\morningstar\AppData\Local\Programs\Python\Python310\;C:\Windows\system32;C:\Windows;C:\Windows\System32\Wbem;C:\Windows\System32\WindowsPowerShell\v1.0\;C:\Windows\System32\OpenSSH\;C:\Program Files (x86)\Yarn\bin\;C:\ProgramData\chocolatey\bin;C:\Program Files\OpenJDK\jdk-17.0.2\bin;C:\Program Files\NVIDIA Corporation\NVIDIA NvDLISR;C:\Program Files (x86)\NVIDIA Corporation\PhysX\Common;C:\Program Files\dotnet\;C:\Program Files\mingw64\bin;C:\WINDOWS\system32;C:\WINDOWS;C:\WINDOWS\System32\Wbem;C:\WINDOWS\System32\WindowsPowerShell\v1.0\;C:\WINDOWS\System32\OpenSSH\;C:\Program Files\Microsoft SQL Server\130\Tools\Binn\;C:\Program Files\SafeNet\Authentication\SAC\x64;C:\Program Files\SafeNet\Authentication\SAC\x32;C:\Users\morningstar\AppData\Roaming\nvm;C:\Program Files\nodejs;C:\Program Files\MongoDB\mongosh-1.10.1-win32-x64\bin;C:\Program Files\MySQL\MySQL Shell 8.0\bin\;C:\Program Files\Git\cmd;C:\php-8.2.11;C:\ProgramData\ComposerSetup\bin;C:\Program Files\MySQL\MySQL Shell 8.0\bin\;C:\Users\morningstar\AppData\Local\Microsoft\WindowsApps;C:\Users\morningstar\AppData\Local\Yarn\bin;C:\Users\morningstar\AppData\Roaming\npm;C:\Users\morningstar\AppData\Local\Android\Sdk\platform-tools;C:\Program Files\heroku\bin;C:\Program Files\OpenJDK\jdk-17.0.2\bin;C:\Users\morningstar\AppData\Roaming\nvm;C:\Program Files\nodejs;C:\Microsoft VS Code\bin;C:\Users\morningstar\AppData\Roaming\Composer\vendor\bin;C:\Program Files\JetBrains\PhpStorm 2021.3.3\bin;

Yarn version: 
  1.22.19

Node version: 
  18.18.1

Platform: 
  win32 x64

Trace: 
  Error: EPERM: operation not permitted, unlink 'C:\Users\morningstar\Desktop\React Projects\kaechat-server\node_modules\bcrypt\lib\binding\napi-v3\bcrypt_lib.node'

npm manifest: 
  {
    "name": "kaechat-server",
    "version": "1.0.0",
    "description": "server for kaechat",
    "main": "index.js",
    "scripts": {
      "test": "echo \"Error: no test specified\" && exit 1",
      "start": "nodemon index.js"
    },
    "author": "",
    "license": "ISC",
    "dependencies": {
      "bcrypt": "^5.1.0",
      "cors": "^2.8.5",
      "dotenv": "^16.3.1",
      "express": "^4.18.2",
      "mongoose": "^7.3.1",
      "nodemon": "^2.0.22",
      "socket.io": "^4.7.1"
    }
  }

yarn manifest: 
  No manifest

Lockfile: 
  No lockfile
